[08:12:47 - 30/01] Initializing server...
[08:13:44 - 30/01] Initializing server...
[08:13:44 - 30/01] Refreshing JSON...
[08:13:44 - 30/01] Loading JSON...
[08:15:14 - 30/01] Initializing server...
[08:15:14 - 30/01] Refreshing JSON...
[08:15:14 - 30/01] Loading JSON...
[08:15:59 - 30/01] Initializing server...
[08:15:59 - 30/01] Refreshing JSON...
[08:15:59 - 30/01] Loading JSON...
[08:15:59 - 30/01] [INFO] Module Data: [{'siriusbyt': ['extended_chat_effects', 'infinite_chat_effects']}]
[08:15:59 - 30/01] [INFO] Plugin Data: [{'siriusbyt': ['themehooker']}, {'eastarctica': []}, {'tharki-god': []}]
[08:15:59 - 30/01] [INFO] User Data: []
[13:03:19 - 30/01] Initializing server...
[13:03:19 - 30/01] Refreshing JSON...
[13:03:19 - 30/01] Loading JSON...
[13:04:03 - 30/01] Initializing server...
[13:04:03 - 30/01] Refreshing JSON...
[13:04:03 - 30/01] Loading JSON...
[13:04:03 - 30/01] [INFO] Server Data: {'modules': [{'siriusbyt': ['extended_chat_effects', 'infinite_chat_effects']}], 'plugins': [{'siriusbyt': ['themehooker']}, {'eastarctica': []}, {'tharki-god': []}], 'themes': [], 'users': ['siriusbyt', 'eastarctica', 'tharki-god']}
[13:04:03 - 30/01] [INFO] Module Data: [{'siriusbyt': ['extended_chat_effects', 'infinite_chat_effects']}]
[13:04:03 - 30/01] [INFO] Plugin Data: [{'siriusbyt': ['themehooker']}, {'eastarctica': []}, {'tharki-god': []}]
[13:04:28 - 30/01] Initializing server...
[13:04:28 - 30/01] Refreshing JSON...
[13:04:28 - 30/01] Loading JSON...
[13:04:28 - 30/01] [INFO] Server Data: {'modules': [{'siriusbyt': ['extended_chat_effects', 'infinite_chat_effects']}], 'plugins': [{'siriusbyt': ['themehooker']}, {'eastarctica': []}, {'tharki-god': []}], 'themes': [], 'users': ['siriusbyt', 'eastarctica', 'tharki-god']}
[13:04:28 - 30/01] [INFO] Module Data: [{'siriusbyt': ['extended_chat_effects', 'infinite_chat_effects']}]
[13:04:28 - 30/01] [INFO] Plugin Data: [{'siriusbyt': ['themehooker']}, {'eastarctica': []}, {'tharki-god': []}]
[13:04:28 - 30/01] [INFO] Theme Data: []
[13:04:28 - 30/01] [INFO] User Data: []
[13:04:57 - 30/01] Initializing server...
[13:04:57 - 30/01] Refreshing JSON...
[13:04:57 - 30/01] Loading JSON...
[13:04:57 - 30/01] [INFO] Server Data: {'modules': [{'siriusbyt': ['extended_chat_effects', 'infinite_chat_effects']}], 'plugins': [{'siriusbyt': ['themehooker']}, {'eastarctica': []}, {'tharki-god': []}], 'themes': [], 'users': ['siriusbyt', 'eastarctica', 'tharki-god']}
[13:04:57 - 30/01] [INFO] Module Data: [{'siriusbyt': ['extended_chat_effects', 'infinite_chat_effects']}]
[13:04:57 - 30/01] [INFO] Plugin Data: [{'siriusbyt': ['themehooker']}, {'eastarctica': []}, {'tharki-god': []}]
[13:04:57 - 30/01] [INFO] Theme Data: []
[13:04:57 - 30/01] [INFO] User Data: []
[13:05:16 - 30/01] Initializing server...
[13:05:16 - 30/01] Refreshing JSON...
[13:05:16 - 30/01] Loading JSON...
[13:05:16 - 30/01] [INFO] Server Data: {'modules': [{'siriusbyt': ['extended_chat_effects', 'infinite_chat_effects']}], 'plugins': [{'siriusbyt': ['themehooker']}, {'eastarctica': []}, {'tharki-god': []}], 'themes': [], 'users': ['siriusbyt', 'eastarctica', 'tharki-god']}
[13:05:16 - 30/01] [INFO] Module Data: [{'siriusbyt': ['extended_chat_effects', 'infinite_chat_effects']}]
[13:05:16 - 30/01] [INFO] Plugin Data: [{'siriusbyt': ['themehooker']}, {'eastarctica': []}, {'tharki-god': []}]
[13:05:16 - 30/01] [INFO] Theme Data: []
[13:05:16 - 30/01] [INFO] User Data: ['siriusbyt', 'eastarctica', 'tharki-god']
[13:05:31 - 30/01] Initializing server...
[13:05:31 - 30/01] Refreshing JSON...
[13:05:31 - 30/01] Loading JSON...
[13:05:31 - 30/01] [INFO] Server Data: {'modules': [{'siriusbyt': ['extended_chat_effects', 'infinite_chat_effects']}], 'plugins': [{'siriusbyt': ['themehooker']}, {'eastarctica': []}, {'tharki-god': []}], 'themes': [], 'users': ['siriusbyt', 'eastarctica', 'tharki-god']}
[13:05:31 - 30/01] [INFO] Module Data: [{'siriusbyt': ['extended_chat_effects', 'infinite_chat_effects']}]
[13:05:31 - 30/01] [INFO] Plugin Data: [{'siriusbyt': ['themehooker']}, {'eastarctica': []}, {'tharki-god': []}]
[13:05:31 - 30/01] [INFO] Theme Data: []
[13:05:31 - 30/01] [INFO] User Data: ['siriusbyt', 'eastarctica', 'tharki-god']
[13:05:36 - 30/01] Initializing server...
[13:05:36 - 30/01] Refreshing JSON...
[13:05:36 - 30/01] Loading JSON...
[13:05:36 - 30/01] [INFO] Server Data: {'modules': [{'siriusbyt': ['extended_chat_effects', 'infinite_chat_effects']}], 'plugins': [{'siriusbyt': ['themehooker']}, {'eastarctica': []}, {'tharki-god': []}], 'themes': [], 'users': ['siriusbyt', 'eastarctica', 'tharki-god']}
[13:05:36 - 30/01] [INFO] Module Data: [{'siriusbyt': ['extended_chat_effects', 'infinite_chat_effects']}]
[13:05:36 - 30/01] [INFO] Plugin Data: [{'siriusbyt': ['themehooker']}, {'eastarctica': []}, {'tharki-god': []}]
[13:05:36 - 30/01] [INFO] Theme Data: []
[13:05:36 - 30/01] [INFO] User Data: ['siriusbyt', 'eastarctica', 'tharki-god']
[13:06:26 - 30/01] Initializing server...
[13:06:26 - 30/01] Refreshing JSON...
[13:06:26 - 30/01] Loading JSON...
[13:06:26 - 30/01] [INFO] Server Data: {'modules': [{'siriusbyt': ['extended_chat_effects', 'infinite_chat_effects']}], 'plugins': [{'siriusbyt': ['themehooker']}, {'eastarctica': []}, {'tharki-god': []}], 'themes': [], 'users': ['siriusbyt', 'eastarctica', 'tharki-god']}
[13:06:26 - 30/01] [INFO] Module Data: [{'siriusbyt': ['extended_chat_effects', 'infinite_chat_effects']}]
[13:06:26 - 30/01] [INFO] Plugin Data: [{'siriusbyt': ['themehooker']}, {'eastarctica': []}, {'tharki-god': []}]
[13:06:26 - 30/01] [INFO] Theme Data: []
[13:06:26 - 30/01] [INFO] User Data: ['siriusbyt', 'eastarctica', 'tharki-god']
[13:07:19] Initializing server...
[13:07:19] Refreshing JSON...
[13:07:19] Loading JSON...
[13:07:19] [INFO] Server Data: {'modules': [{'siriusbyt': ['extended_chat_effects', 'infinite_chat_effects']}], 'plugins': [{'siriusbyt': ['themehooker']}, {'eastarctica': []}, {'tharki-god': []}], 'themes': [], 'users': ['siriusbyt', 'eastarctica', 'tharki-god']}
[13:07:19] [INFO] Module Data: [{'siriusbyt': ['extended_chat_effects', 'infinite_chat_effects']}]
[13:07:19] [INFO] Plugin Data: [{'siriusbyt': ['themehooker']}, {'eastarctica': []}, {'tharki-god': []}]
[13:07:19] [INFO] Theme Data: []
[13:07:19] [INFO] User Data: ['siriusbyt', 'eastarctica', 'tharki-god']
[13:08:42] Initializing server...
[13:08:42] Refreshing JSON...
[13:08:42] Loading JSON...
[13:08:42] [INFO] Server Data: {'modules': [{'siriusbyt': ['extended_chat_effects', 'infinite_chat_effects']}], 'plugins': [{'siriusbyt': ['themehooker']}, {'eastarctica': []}, {'tharki-god': []}], 'themes': [], 'users': ['siriusbyt', 'eastarctica', 'tharki-god']}
[13:08:42] [INFO] Module Data: [{'siriusbyt': ['extended_chat_effects', 'infinite_chat_effects']}]
[13:08:42] [INFO] Plugin Data: [{'siriusbyt': ['themehooker']}, {'eastarctica': []}, {'tharki-god': []}]
[13:08:42] [INFO] Theme Data: []
[13:08:42] [INFO] User Data: ['siriusbyt', 'eastarctica', 'tharki-god']
[13:10:24] Initializing server...
[13:10:24] Refreshing JSON...
[13:10:24] Loading JSON...
[13:10:24] [INFO] Server Data: {'modules': [{'siriusbyt': ['extended_chat_effects', 'infinite_chat_effects']}], 'plugins': [{'siriusbyt': ['themehooker']}, {'eastarctica': []}, {'tharki-god': []}], 'themes': [], 'users': ['siriusbyt', 'eastarctica', 'tharki-god']}
[13:10:24] [INFO] Module Data: [{'siriusbyt': ['extended_chat_effects', 'infinite_chat_effects']}]
[13:10:24] [INFO] Plugin Data: [{'siriusbyt': ['themehooker']}, {'eastarctica': []}, {'tharki-god': []}]
[13:10:24] [INFO] Theme Data: []
[13:10:24] [INFO] User Data: ['siriusbyt', 'eastarctica', 'tharki-god']
[13:10:44] Initializing server...
[13:10:44] Refreshing JSON...
[13:10:44] Loading JSON...
[13:10:44] [INFO] Server Data: {'modules': [{'siriusbyt': ['extended_chat_effects', 'infinite_chat_effects']}], 'plugins': [{'siriusbyt': ['themehooker']}, {'eastarctica': []}, {'tharki-god': []}], 'themes': [], 'users': ['siriusbyt', 'eastarctica', 'tharki-god']}
[13:10:44] [INFO] Module Data: [{'siriusbyt': ['extended_chat_effects', 'infinite_chat_effects']}]
[13:10:44] [INFO] Plugin Data: [{'siriusbyt': ['themehooker']}, {'eastarctica': []}, {'tharki-god': []}]
[13:10:44] [INFO] Theme Data: []
[13:10:44] [INFO] User Data: ['siriusbyt', 'eastarctica', 'tharki-god']
[13:11:51] Initializing server...
[13:11:51] Refreshing JSON...
[13:11:51] Loading JSON...
[13:12:36] Initializing server...
[13:12:36] Refreshing JSON...
[13:12:36] Loading JSON...
[13:12:36] [INFO] Server Data: {'modules': [{'siriusbyt': ['extended_chat_effects', 'infinite_chat_effects']}], 'plugins': [{'siriusbyt': ['themehooker']}, {'eastarctica': []}, {'tharki-god': []}], 'themes': [], 'users': ['siriusbyt', 'eastarctica', 'tharki-god']}
[13:12:36] [INFO] Module Data: [{'siriusbyt': ['extended_chat_effects', 'infinite_chat_effects']}]
[13:12:36] [INFO] Plugin Data: [{'siriusbyt': ['themehooker']}, {'eastarctica': []}, {'tharki-god': []}]
[13:12:36] [INFO] Theme Data: []
[13:12:36] [INFO] User Data: ['siriusbyt', 'eastarctica', 'tharki-god']
[13:18:54] Initializing server...
[13:18:54] Refreshing JSON...
[13:18:54] Loading JSON...
[13:18:54] [INFO] Server Data: {'modules': [{'siriusbyt': ['extended_chat_effects', 'infinite_chat_effects']}], 'plugins': [{'siriusbyt': ['themehooker']}, {'eastarctica': []}, {'tharki-god': []}], 'themes': [], 'users': ['siriusbyt', 'eastarctica', 'tharki-god']}
[13:18:54] [INFO] Module Data: [{'siriusbyt': ['extended_chat_effects', 'infinite_chat_effects']}]
[13:18:54] [INFO] Plugin Data: [{'siriusbyt': ['themehooker']}, {'eastarctica': []}, {'tharki-god': []}]
[13:18:54] [INFO] Theme Data: []
[13:18:54] [INFO] User Data: ['siriusbyt', 'eastarctica', 'tharki-god']
[13:18:54] INFO: Initiated WebSocket Translation Layer.
[13:19:42] Initializing server...
[13:19:42] Refreshing JSON...
[13:19:42] Loading JSON...
[13:19:42] [INFO] Server Data: {'modules': [{'siriusbyt': ['extended_chat_effects', 'infinite_chat_effects']}], 'plugins': [{'siriusbyt': ['themehooker']}, {'eastarctica': []}, {'tharki-god': []}], 'themes': [], 'users': ['siriusbyt', 'eastarctica', 'tharki-god']}
[13:19:42] [INFO] Module Data: [{'siriusbyt': ['extended_chat_effects', 'infinite_chat_effects']}]
[13:19:42] [INFO] Plugin Data: [{'siriusbyt': ['themehooker']}, {'eastarctica': []}, {'tharki-god': []}]
[13:19:42] [INFO] Theme Data: []
[13:19:42] [INFO] User Data: ['siriusbyt', 'eastarctica', 'tharki-god']
[13:19:42] INFO: Initiated WebSocket Translation Layer.
[13:20:03] Initializing server...
[13:20:03] Refreshing JSON...
[13:20:03] Loading JSON...
[13:20:03] [INFO] Server Data: {'modules': [{'siriusbyt': ['extended_chat_effects', 'infinite_chat_effects']}], 'plugins': [{'siriusbyt': ['themehooker']}, {'eastarctica': []}, {'tharki-god': []}], 'themes': [], 'users': ['siriusbyt', 'eastarctica', 'tharki-god']}
[13:20:03] [INFO] Module Data: [{'siriusbyt': ['extended_chat_effects', 'infinite_chat_effects']}]
[13:20:03] [INFO] Plugin Data: [{'siriusbyt': ['themehooker']}, {'eastarctica': []}, {'tharki-god': []}]
[13:20:03] [INFO] Theme Data: []
[13:20:03] [INFO] User Data: ['siriusbyt', 'eastarctica', 'tharki-god']
[13:20:03] INFO: Initiated WebSocket Translation Layer.
[13:22:34] Initializing server...
[13:22:34] Refreshing JSON...
[13:22:34] Loading JSON...
[13:22:34] [INFO] Server Data: {'modules': [{'siriusbyt': ['extended_chat_effects', 'infinite_chat_effects']}], 'plugins': [{'siriusbyt': ['themehooker']}, {'eastarctica': []}, {'tharki-god': []}], 'themes': [], 'users': ['siriusbyt', 'eastarctica', 'tharki-god']}
[13:22:34] [INFO] Module Data: [{'siriusbyt': ['extended_chat_effects', 'infinite_chat_effects']}]
[13:22:34] [INFO] Plugin Data: [{'siriusbyt': ['themehooker']}, {'eastarctica': []}, {'tharki-god': []}]
[13:22:34] [INFO] Theme Data: []
[13:22:34] [INFO] User Data: ['siriusbyt', 'eastarctica', 'tharki-god']
[13:22:34] INFO: Initiated WebSocket Translation Layer.
[13:22:42] "127.0.0.1" // 50615.
[13:22:43] SUCCESS: New WebSocket connection from "127.0.0.1:50615".
[13:22:53] "127.0.0.1" // 50618.
[13:22:53] SUCCESS: New WebSocket connection from "127.0.0.1:50618".
[13:23:14] Initializing server...
[13:23:14] Refreshing JSON...
[13:23:14] Loading JSON...
[13:23:14] [INFO] Server Data: {'modules': [{'siriusbyt': ['extended_chat_effects', 'infinite_chat_effects']}], 'plugins': [{'siriusbyt': ['themehooker']}, {'eastarctica': []}, {'tharki-god': []}], 'themes': [], 'users': ['siriusbyt', 'eastarctica', 'tharki-god']}
[13:23:14] [INFO] Module Data: [{'siriusbyt': ['extended_chat_effects', 'infinite_chat_effects']}]
[13:23:14] [INFO] Plugin Data: [{'siriusbyt': ['themehooker']}, {'eastarctica': []}, {'tharki-god': []}]
[13:23:14] [INFO] Theme Data: []
[13:23:14] [INFO] User Data: ['siriusbyt', 'eastarctica', 'tharki-god']
[13:23:14] INFO: Initiated WebSocket Translation Layer.
[13:24:34] Initializing server...
[13:24:34] Refreshing JSON...
[13:24:34] Loading JSON...
[13:24:34] [INFO] Server Data: {'modules': [{'siriusbyt': ['extended_chat_effects', 'infinite_chat_effects']}], 'plugins': [{'siriusbyt': ['themehooker']}, {'eastarctica': []}, {'tharki-god': []}], 'themes': [], 'users': ['siriusbyt', 'eastarctica', 'tharki-god']}
[13:24:34] [INFO] Module Data: [{'siriusbyt': ['extended_chat_effects', 'infinite_chat_effects']}]
[13:24:34] [INFO] Plugin Data: [{'siriusbyt': ['themehooker']}, {'eastarctica': []}, {'tharki-god': []}]
[13:24:34] [INFO] Theme Data: []
[13:24:34] [INFO] User Data: ['siriusbyt', 'eastarctica', 'tharki-god']
[13:24:34] INFO: Initiated WebSocket Translation Layer.
[13:24:41] SUCCESS: New WebSocket connection from "('127.0.0.1', 50639)".
[13:24:42] SUCCESS: New WebSocket connection from "('127.0.0.1', 50641)".
[13:26:16] Initializing server...
[13:26:16] Refreshing JSON...
[13:26:16] Loading JSON...
[13:26:16] [INFO] Server Data: {'modules': [{'siriusbyt': ['extended_chat_effects', 'infinite_chat_effects']}], 'plugins': [{'siriusbyt': ['themehooker']}, {'eastarctica': []}, {'tharki-god': []}], 'themes': [], 'users': ['siriusbyt', 'eastarctica', 'tharki-god']}
[13:26:16] [INFO] Module Data: [{'siriusbyt': ['extended_chat_effects', 'infinite_chat_effects']}]
[13:26:16] [INFO] Plugin Data: [{'siriusbyt': ['themehooker']}, {'eastarctica': []}, {'tharki-god': []}]
[13:26:16] [INFO] Theme Data: []
[13:26:16] [INFO] User Data: ['siriusbyt', 'eastarctica', 'tharki-god']
[13:26:16] INFO: Initiated WebSocket Translation Layer.
[13:26:23] SUCCESS: New WebSocket connection from "::1:50670".
[13:26:23] SUCCESS: New WebSocket connection from "::1:50671".
[13:26:23] SUCCESS: New WebSocket connection from "::1:50672".
[13:26:24] SUCCESS: New WebSocket connection from "::1:50673".
[13:26:24] SUCCESS: New WebSocket connection from "::1:50674".
[13:26:42] Initializing server...
[13:26:42] Refreshing JSON...
[13:26:42] Loading JSON...
[13:26:42] [INFO] Server Data: {'modules': [{'siriusbyt': ['extended_chat_effects', 'infinite_chat_effects']}], 'plugins': [{'siriusbyt': ['themehooker']}, {'eastarctica': []}, {'tharki-god': []}], 'themes': [], 'users': ['siriusbyt', 'eastarctica', 'tharki-god']}
[13:26:42] [INFO] Module Data: [{'siriusbyt': ['extended_chat_effects', 'infinite_chat_effects']}]
[13:26:42] [INFO] Plugin Data: [{'siriusbyt': ['themehooker']}, {'eastarctica': []}, {'tharki-god': []}]
[13:26:42] [INFO] Theme Data: []
[13:26:42] [INFO] User Data: ['siriusbyt', 'eastarctica', 'tharki-god']
[13:26:42] INFO: Initiated WebSocket Translation Layer.
[16:59:07] SUCCESS: New WebSocket connection from "127.0.0.1:50838".
[16:59:47] Initializing server...
[16:59:47] Refreshing JSON...
[16:59:47] Loading JSON...
[16:59:47] [INFO] Server Data: {'modules': [{'siriusbyt': ['extended_chat_effects', 'infinite_chat_effects']}], 'plugins': [{'siriusbyt': ['themehooker']}, {'eastarctica': []}, {'tharki-god': []}], 'themes': [], 'users': ['siriusbyt', 'eastarctica', 'tharki-god']}
[16:59:47] [INFO] Module Data: [{'siriusbyt': ['extended_chat_effects', 'infinite_chat_effects']}]
[16:59:47] [INFO] Plugin Data: [{'siriusbyt': ['themehooker']}, {'eastarctica': []}, {'tharki-god': []}]
[16:59:47] [INFO] Theme Data: []
[16:59:47] [INFO] User Data: ['siriusbyt', 'eastarctica', 'tharki-god']
[16:59:47] INFO: Initiated WebSocket Translation Layer.
[16:59:54] SUCCESS: New WebSocket connection from "::1:50864".
[16:59:54] 2.10
[16:59:55] SUCCESS: New WebSocket connection from "::1:50865".
[16:59:55] 2.10
[17:00:24] SUCCESS: New WebSocket connection from "::1:50866".
[17:00:24] 2.10
[17:03:53] Initializing server...
[17:03:53] Refreshing JSON...
[17:03:53] Loading JSON...
[17:03:53] [INFO] Server Data: {'modules': [{'siriusbyt': ['extended_chat_effects', 'infinite_chat_effects']}], 'plugins': [{'siriusbyt': ['themehooker']}, {'eastarctica': []}, {'tharki-god': []}], 'themes': [], 'users': ['siriusbyt', 'eastarctica', 'tharki-god']}
[17:03:53] [INFO] Module Data: [{'siriusbyt': ['extended_chat_effects', 'infinite_chat_effects']}]
[17:03:53] [INFO] Plugin Data: [{'siriusbyt': ['themehooker']}, {'eastarctica': []}, {'tharki-god': []}]
[17:03:53] [INFO] Theme Data: []
[17:03:53] [INFO] User Data: ['siriusbyt', 'eastarctica', 'tharki-god']
[17:03:53] INFO: Initiated WebSocket Translation Layer.
[17:16:27] Initializing server...
[17:16:27] Refreshing JSON...
[17:16:27] Loading JSON...
[17:16:27] [INFO] Server Data: {'modules': [{'siriusbyt': ['extended_chat_effects', 'infinite_chat_effects']}], 'plugins': [{'siriusbyt': ['themehooker']}, {'eastarctica': []}, {'tharki-god': []}], 'themes': [], 'users': ['siriusbyt', 'eastarctica', 'tharki-god']}
[17:16:27] [INFO] Module Data: [{'siriusbyt': ['extended_chat_effects', 'infinite_chat_effects']}]
[17:16:27] [INFO] Plugin Data: [{'siriusbyt': ['themehooker']}, {'eastarctica': []}, {'tharki-god': []}]
[17:16:27] [INFO] Theme Data: []
[17:16:27] [INFO] User Data: ['siriusbyt', 'eastarctica', 'tharki-god']
[17:16:27] Server initialized.
[17:16:27] INFO: Initiated WebSocket Translation Layer.
[17:16:27] INFO: Initiated Socket Server.
[17:18:33] Initializing server...
[17:18:33] Refreshing JSON...
[17:18:33] Loading JSON...
[17:18:33] [INFO] Server Data: {'modules': [{'siriusbyt': ['extended_chat_effects', 'infinite_chat_effects']}], 'plugins': [{'siriusbyt': ['themehooker']}, {'eastarctica': []}, {'tharki-god': []}], 'themes': [], 'users': ['siriusbyt', 'eastarctica', 'tharki-god']}
[17:18:33] [INFO] Module Data: [{'siriusbyt': ['extended_chat_effects', 'infinite_chat_effects']}]
[17:18:33] [INFO] Plugin Data: [{'siriusbyt': ['themehooker']}, {'eastarctica': []}, {'tharki-god': []}]
[17:18:33] [INFO] Theme Data: []
[17:18:33] [INFO] User Data: ['siriusbyt', 'eastarctica', 'tharki-god']
[17:18:33] Server initialized.
[17:18:33] INFO: Initiated WebSocket Translation Layer.
[17:18:33] INFO: Initiated Socket Server.
[17:19:45] Initializing server...
[17:19:45] Refreshing JSON...
[17:19:45] Loading JSON...
[17:19:45] [INFO] Server Data: {'modules': [{'siriusbyt': ['extended_chat_effects', 'infinite_chat_effects']}], 'plugins': [{'siriusbyt': ['themehooker']}, {'eastarctica': []}, {'tharki-god': []}], 'themes': [], 'users': ['siriusbyt', 'eastarctica', 'tharki-god']}
[17:19:45] [INFO] Module Data: [{'siriusbyt': ['extended_chat_effects', 'infinite_chat_effects']}]
[17:19:45] [INFO] Plugin Data: [{'siriusbyt': ['themehooker']}, {'eastarctica': []}, {'tharki-god': []}]
[17:19:45] [INFO] Theme Data: []
[17:19:45] [INFO] User Data: ['siriusbyt', 'eastarctica', 'tharki-god']
[17:19:45] Server initialized.
[17:19:45] INFO: Initiated WebSocket Translation Layer.
[17:19:45] INFO: Initiated Socket Server.
[17:19:49] Initializing server...
[17:19:49] Refreshing JSON...
[17:19:49] Loading JSON...
[17:19:49] [INFO] Server Data: {'modules': [{'siriusbyt': ['extended_chat_effects', 'infinite_chat_effects']}], 'plugins': [{'siriusbyt': ['themehooker']}, {'eastarctica': []}, {'tharki-god': []}], 'themes': [], 'users': ['siriusbyt', 'eastarctica', 'tharki-god']}
[17:19:49] [INFO] Module Data: [{'siriusbyt': ['extended_chat_effects', 'infinite_chat_effects']}]
[17:19:49] [INFO] Plugin Data: [{'siriusbyt': ['themehooker']}, {'eastarctica': []}, {'tharki-god': []}]
[17:19:49] [INFO] Theme Data: []
[17:19:49] [INFO] User Data: ['siriusbyt', 'eastarctica', 'tharki-god']
[17:19:49] Server initialized.
[17:19:49] INFO: Initiated WebSocket Translation Layer.
[17:19:49] INFO: Initiated Socket Server.
[17:19:51] Initializing server...
[17:19:51] Refreshing JSON...
[17:19:51] Loading JSON...
[17:19:51] [INFO] Server Data: {'modules': [{'siriusbyt': ['extended_chat_effects', 'infinite_chat_effects']}], 'plugins': [{'siriusbyt': ['themehooker']}, {'eastarctica': []}, {'tharki-god': []}], 'themes': [], 'users': ['siriusbyt', 'eastarctica', 'tharki-god']}
[17:19:51] [INFO] Module Data: [{'siriusbyt': ['extended_chat_effects', 'infinite_chat_effects']}]
[17:19:51] [INFO] Plugin Data: [{'siriusbyt': ['themehooker']}, {'eastarctica': []}, {'tharki-god': []}]
[17:19:51] [INFO] Theme Data: []
[17:19:51] [INFO] User Data: ['siriusbyt', 'eastarctica', 'tharki-god']
[17:19:51] Server initialized.
[17:19:51] INFO: Initiated WebSocket Translation Layer.
[17:19:51] INFO: Initiated Socket Server.
[17:19:55] SUCCESS: New WebSocket connection from "::1:51020".
[17:19:55] 2.10
[17:22:29] SUCCESS: New WebSocket connection from "::1:51036".
[17:22:29] 2.10
[17:22:32] SUCCESS: New WebSocket connection from "::1:51037".
[17:22:32] 2.10
[20:26:56] Initializing server...
[20:26:56] Refreshing JSON...
[20:26:56] Loading JSON...
[20:26:56] [INFO] Server Data: {'modules': [{'siriusbyt': ['extended_chat_effects', 'infinite_chat_effects']}], 'plugins': [{'siriusbyt': ['themehooker']}, {'eastarctica': []}, {'tharki-god': []}], 'themes': [], 'users': ['siriusbyt', 'eastarctica', 'tharki-god']}
[20:26:56] [INFO] Module Data: [{'siriusbyt': ['extended_chat_effects', 'infinite_chat_effects']}]
[20:26:56] [INFO] Plugin Data: [{'siriusbyt': ['themehooker']}, {'eastarctica': []}, {'tharki-god': []}]
[20:26:56] [INFO] Theme Data: []
[20:26:56] [INFO] User Data: ['siriusbyt', 'eastarctica', 'tharki-god']
[20:26:56] Server initialized.
[20:26:56] INFO: Initiated WebSocket Translation Layer.
[20:26:56] SYSTEM: Initiated Socket Server.
[20:27:56] SYSTEM: Initializing server...
[20:27:56] SYSTEM: Refreshing JSON...
[20:27:56] SYSTEM: Loading JSON...
[20:27:56] SYSTEM: Server Data: {'modules': [{'siriusbyt': ['extended_chat_effects', 'infinite_chat_effects']}], 'plugins': [{'siriusbyt': ['themehooker']}, {'eastarctica': []}, {'tharki-god': []}], 'themes': [], 'users': ['siriusbyt', 'eastarctica', 'tharki-god']}
[20:27:56] SYSTEM: Module Data: [{'siriusbyt': ['extended_chat_effects', 'infinite_chat_effects']}]
[20:27:56] SYSTEM: Plugin Data: [{'siriusbyt': ['themehooker']}, {'eastarctica': []}, {'tharki-god': []}]
[20:27:56] SYSTEM: Theme Data: []
[20:27:56] SYSTEM: User Data: ['siriusbyt', 'eastarctica', 'tharki-god']
[20:27:56] SYSTEM: Server initialized.
[20:27:56] INFO: Initiated WebSocket Translation Layer.
[20:27:56] SYSTEM: Initiated Socket Server.
[20:28:06] SUCCESS: New WebSocket connection from "127.0.0.1:52592".
[20:28:06] 2.10
[20:28:40] SYSTEM: Initializing server...
[20:28:40] SYSTEM: Refreshing JSON...
[20:28:40] SYSTEM: Loading JSON...
[20:28:40] SYSTEM: Server Data: {'modules': [{'siriusbyt': ['extended_chat_effects', 'infinite_chat_effects']}], 'plugins': [{'siriusbyt': ['themehooker']}, {'eastarctica': []}, {'tharki-god': []}], 'themes': [], 'users': ['siriusbyt', 'eastarctica', 'tharki-god']}
[20:28:40] SYSTEM: Module Data: [{'siriusbyt': ['extended_chat_effects', 'infinite_chat_effects']}]
[20:28:40] SYSTEM: Plugin Data: [{'siriusbyt': ['themehooker']}, {'eastarctica': []}, {'tharki-god': []}]
[20:28:40] SYSTEM: Theme Data: []
[20:28:40] SYSTEM: User Data: ['siriusbyt', 'eastarctica', 'tharki-god']
[20:28:40] SYSTEM: Server initialized.
[20:28:40] INFO: Initiated WebSocket Translation Layer.
[20:28:40] SYSTEM: Initiated Socket Server.
[20:28:42] SUCCESS: New WebSocket connection from "127.0.0.1:52602".
[20:29:42] SYSTEM: Initializing server...
[20:29:42] SYSTEM: Refreshing JSON...
[20:29:42] SYSTEM: Loading JSON...
[20:29:42] SYSTEM: Server Data: {'modules': [{'siriusbyt': ['extended_chat_effects', 'infinite_chat_effects']}], 'plugins': [{'siriusbyt': ['themehooker']}, {'eastarctica': []}, {'tharki-god': []}], 'themes': [], 'users': ['siriusbyt', 'eastarctica', 'tharki-god']}
[20:29:42] SYSTEM: Module Data: [{'siriusbyt': ['extended_chat_effects', 'infinite_chat_effects']}]
[20:29:42] SYSTEM: Plugin Data: [{'siriusbyt': ['themehooker']}, {'eastarctica': []}, {'tharki-god': []}]
[20:29:42] SYSTEM: Theme Data: []
[20:29:42] SYSTEM: User Data: ['siriusbyt', 'eastarctica', 'tharki-god']
[20:29:42] SYSTEM: Server initialized.
[20:29:42] INFO: Initiated WebSocket Translation Layer.
[20:29:42] SYSTEM: Initiated Socket Server.
[20:29:43] SUCCESS: New WebSocket connection from "127.0.0.1:52610".
[20:29:43] (API Version Check) ERROR: 127.0.0.1:52610 Invalid "<coroutine object Application_Programming_Interface.<locals>.ReceiveData at 0x0000022E2199F840>" API Version!
[20:29:43] ["INVALID_VERSION"] -> 127.0.0.1:52610
[20:29:43] CLOSING: 127.0.0.1:52610.
[20:31:07] SYSTEM: Initializing server...
[20:31:07] SYSTEM: Refreshing JSON...
[20:31:07] SYSTEM: Loading JSON...
[20:31:07] SYSTEM: Server Data: {'modules': [{'siriusbyt': ['extended_chat_effects', 'infinite_chat_effects']}], 'plugins': [{'siriusbyt': ['themehooker']}, {'eastarctica': []}, {'tharki-god': []}], 'themes': [], 'users': ['siriusbyt', 'eastarctica', 'tharki-god']}
[20:31:07] SYSTEM: Module Data: [{'siriusbyt': ['extended_chat_effects', 'infinite_chat_effects']}]
[20:31:07] SYSTEM: Plugin Data: [{'siriusbyt': ['themehooker']}, {'eastarctica': []}, {'tharki-god': []}]
[20:31:07] SYSTEM: Theme Data: []
[20:31:07] SYSTEM: User Data: ['siriusbyt', 'eastarctica', 'tharki-god']
[20:31:07] SYSTEM: Server initialized.
[20:31:07] INFO: Initiated WebSocket Translation Layer.
[20:31:07] SYSTEM: Initiated Socket Server.
[20:31:09] SUCCESS: New WebSocket connection from "127.0.0.1:52629".
[20:33:34] SYSTEM: Initializing server...
[20:33:34] SYSTEM: Refreshing JSON...
[20:33:34] SYSTEM: Loading JSON...
[20:33:34] SYSTEM: Server Data: {'modules': [{'siriusbyt': ['extended_chat_effects', 'infinite_chat_effects']}], 'plugins': [{'siriusbyt': ['themehooker']}, {'eastarctica': []}, {'tharki-god': []}], 'themes': [], 'users': ['siriusbyt', 'eastarctica', 'tharki-god']}
[20:33:34] SYSTEM: Module Data: [{'siriusbyt': ['extended_chat_effects', 'infinite_chat_effects']}]
[20:33:34] SYSTEM: Plugin Data: [{'siriusbyt': ['themehooker']}, {'eastarctica': []}, {'tharki-god': []}]
[20:33:34] SYSTEM: Theme Data: []
[20:33:34] SYSTEM: User Data: ['siriusbyt', 'eastarctica', 'tharki-god']
[20:33:34] SYSTEM: Server initialized.
[20:33:34] INFO: Initiated WebSocket Translation Layer.
[20:33:34] SYSTEM: Initiated Socket Server.
[20:33:37] SUCCESS: New WebSocket connection from "127.0.0.1:52664".
[20:36:52] SYSTEM: Initializing server...
[20:36:52] SYSTEM: Refreshing JSON...
[20:36:52] SYSTEM: Loading JSON...
[20:36:52] SYSTEM: Server Data: {'modules': [{'siriusbyt': ['extended_chat_effects', 'infinite_chat_effects']}], 'plugins': [{'siriusbyt': ['themehooker']}, {'eastarctica': []}, {'tharki-god': []}], 'themes': [], 'users': ['siriusbyt', 'eastarctica', 'tharki-god']}
[20:36:52] SYSTEM: Module Data: [{'siriusbyt': ['extended_chat_effects', 'infinite_chat_effects']}]
[20:36:52] SYSTEM: Plugin Data: [{'siriusbyt': ['themehooker']}, {'eastarctica': []}, {'tharki-god': []}]
[20:36:52] SYSTEM: Theme Data: []
[20:36:52] SYSTEM: User Data: ['siriusbyt', 'eastarctica', 'tharki-god']
[20:36:52] SYSTEM: Server initialized.
[20:36:52] INFO: Initiated WebSocket Translation Layer.
[20:36:52] SYSTEM: Initiated Socket Server.
[20:36:55] SUCCESS: New WebSocket connection from "127.0.0.1:52695".
[20:39:20] SYSTEM: Initializing server...
[20:39:20] SYSTEM: Refreshing JSON...
[20:39:20] SYSTEM: Loading JSON...
[20:39:20] SYSTEM: Server Data: {'modules': [{'siriusbyt': ['extended_chat_effects', 'infinite_chat_effects']}], 'plugins': [{'siriusbyt': ['themehooker']}, {'eastarctica': []}, {'tharki-god': []}], 'themes': [], 'users': ['siriusbyt', 'eastarctica', 'tharki-god']}
[20:39:20] SYSTEM: Module Data: [{'siriusbyt': ['extended_chat_effects', 'infinite_chat_effects']}]
[20:39:20] SYSTEM: Plugin Data: [{'siriusbyt': ['themehooker']}, {'eastarctica': []}, {'tharki-god': []}]
[20:39:20] SYSTEM: Theme Data: []
[20:39:20] SYSTEM: User Data: ['siriusbyt', 'eastarctica', 'tharki-god']
[20:39:20] SYSTEM: Server initialized.
[20:39:20] INFO: Initiated WebSocket Translation Layer.
[20:39:20] SYSTEM: Initiated Socket Server.
[20:39:24] SUCCESS: New WebSocket connection from "127.0.0.1:52727".
[20:39:24] API Version Check // ERROR: 127.0.0.1:52727 has newer "2.10" API Version.
[20:39:24] ["OUTDATED_VERSION"] -> 127.0.0.1:52727
[20:39:24] CLOSING: 127.0.0.1:52727.
[20:42:31] SYSTEM: Initializing server...
[20:42:31] SYSTEM: Refreshing JSON...
[20:42:31] SYSTEM: Loading JSON...
[20:42:31] SYSTEM: Server Data: {'modules': [{'siriusbyt': ['extended_chat_effects', 'infinite_chat_effects']}], 'plugins': [{'siriusbyt': ['themehooker']}, {'eastarctica': []}, {'tharki-god': []}], 'themes': [], 'users': ['siriusbyt', 'eastarctica', 'tharki-god']}
[20:42:31] SYSTEM: Module Data: [{'siriusbyt': ['extended_chat_effects', 'infinite_chat_effects']}]
[20:42:31] SYSTEM: Plugin Data: [{'siriusbyt': ['themehooker']}, {'eastarctica': []}, {'tharki-god': []}]
[20:42:31] SYSTEM: Theme Data: []
[20:42:31] SYSTEM: User Data: ['siriusbyt', 'eastarctica', 'tharki-god']
[20:42:31] SYSTEM: Server initialized.
[20:42:31] INFO: Initiated WebSocket Translation Layer.
[20:42:31] SYSTEM: Initiated Socket Server.
[20:42:33] SUCCESS: New WebSocket connection from "127.0.0.1:52763".
[20:42:33] API Version Check // ERROR: 127.0.0.1:52763 has newer "2.10" API Version.
[20:42:56] SYSTEM: Initializing server...
[20:42:56] SYSTEM: Refreshing JSON...
[20:42:56] SYSTEM: Loading JSON...
[20:42:56] SYSTEM: Server Data: {'modules': [{'siriusbyt': ['extended_chat_effects', 'infinite_chat_effects']}], 'plugins': [{'siriusbyt': ['themehooker']}, {'eastarctica': []}, {'tharki-god': []}], 'themes': [], 'users': ['siriusbyt', 'eastarctica', 'tharki-god']}
[20:42:56] SYSTEM: Module Data: [{'siriusbyt': ['extended_chat_effects', 'infinite_chat_effects']}]
[20:42:56] SYSTEM: Plugin Data: [{'siriusbyt': ['themehooker']}, {'eastarctica': []}, {'tharki-god': []}]
[20:42:56] SYSTEM: Theme Data: []
[20:42:56] SYSTEM: User Data: ['siriusbyt', 'eastarctica', 'tharki-god']
[20:42:56] SYSTEM: Server initialized.
[20:42:56] INFO: Initiated WebSocket Translation Layer.
[20:42:56] SYSTEM: Initiated Socket Server.
[20:42:58] SUCCESS: New WebSocket connection from "127.0.0.1:52771".
[20:42:58] API Version Check // ERROR: 127.0.0.1:52771 has newer "2.10" API Version.
[20:42:58] ["OUTDATED_VERSION"] -> 127.0.0.1:52771
[20:42:58] CLOSING: 127.0.0.1:52771.
[20:46:43] SYSTEM: Initializing server...
[20:46:43] SYSTEM: Refreshing JSON...
[20:46:43] SYSTEM: Loading JSON...
[20:46:43] SYSTEM: Server Data: {'modules': [{'siriusbyt': ['extended_chat_effects', 'infinite_chat_effects']}], 'plugins': [{'siriusbyt': ['themehooker']}, {'eastarctica': []}, {'tharki-god': []}], 'themes': [], 'users': ['siriusbyt', 'eastarctica', 'tharki-god']}
[20:46:43] SYSTEM: Module Data: [{'siriusbyt': ['extended_chat_effects', 'infinite_chat_effects']}]
[20:46:43] SYSTEM: Plugin Data: [{'siriusbyt': ['themehooker']}, {'eastarctica': []}, {'tharki-god': []}]
[20:46:43] SYSTEM: Theme Data: []
[20:46:43] SYSTEM: User Data: ['siriusbyt', 'eastarctica', 'tharki-god']
[20:46:43] SYSTEM: Server initialized.
[20:46:43] INFO: Initiated WebSocket Translation Layer.
[20:46:43] SYSTEM: Initiated Socket Server.
[20:46:46] SUCCESS: New WebSocket connection from "127.0.0.1:52798".
[20:46:46] API Version Check // ERROR: 127.0.0.1:52798 has newer "2.10" API Version.
[20:46:46] ["OUTDATED_VERSION"] -> 127.0.0.1:52798
[20:46:46] CLOSING: 127.0.0.1:52798.
[20:47:00] SYSTEM: Initializing server...
[20:47:00] SYSTEM: Refreshing JSON...
[20:47:00] SYSTEM: Loading JSON...
[20:47:00] SYSTEM: Server Data: {'modules': [{'siriusbyt': ['extended_chat_effects', 'infinite_chat_effects']}], 'plugins': [{'siriusbyt': ['themehooker']}, {'eastarctica': []}, {'tharki-god': []}], 'themes': [], 'users': ['siriusbyt', 'eastarctica', 'tharki-god']}
[20:47:00] SYSTEM: Module Data: [{'siriusbyt': ['extended_chat_effects', 'infinite_chat_effects']}]
[20:47:00] SYSTEM: Plugin Data: [{'siriusbyt': ['themehooker']}, {'eastarctica': []}, {'tharki-god': []}]
[20:47:00] SYSTEM: Theme Data: []
[20:47:00] SYSTEM: User Data: ['siriusbyt', 'eastarctica', 'tharki-god']
[20:47:00] SYSTEM: Server initialized.
[20:47:00] INFO: Initiated WebSocket Translation Layer.
[20:47:00] SYSTEM: Initiated Socket Server.
[20:47:01] SUCCESS: New WebSocket connection from "127.0.0.1:52802".
[20:47:01] API Version Check // ERROR: 127.0.0.1:52802 has newer "2.10" API Version.
[20:47:01] ["OUTDATED_VERSION"] -> 127.0.0.1:52802
[20:47:01] CLOSING: 127.0.0.1:52802.
[20:47:01] TIMED OUT: 127.0.0.1:52802.
[20:47:01] CLOSING: 127.0.0.1:52802.
[20:47:59] SYSTEM: Initializing server...
[20:47:59] SYSTEM: Refreshing JSON...
[20:47:59] SYSTEM: Loading JSON...
[20:47:59] SYSTEM: Server Data: {'modules': [{'siriusbyt': ['extended_chat_effects', 'infinite_chat_effects']}], 'plugins': [{'siriusbyt': ['themehooker']}, {'eastarctica': []}, {'tharki-god': []}], 'themes': [], 'users': ['siriusbyt', 'eastarctica', 'tharki-god']}
[20:47:59] SYSTEM: Module Data: [{'siriusbyt': ['extended_chat_effects', 'infinite_chat_effects']}]
[20:47:59] SYSTEM: Plugin Data: [{'siriusbyt': ['themehooker']}, {'eastarctica': []}, {'tharki-god': []}]
[20:47:59] SYSTEM: Theme Data: []
[20:47:59] SYSTEM: User Data: ['siriusbyt', 'eastarctica', 'tharki-god']
[20:47:59] SYSTEM: Server initialized.
[20:47:59] INFO: Initiated WebSocket Translation Layer.
[20:47:59] SYSTEM: Initiated Socket Server.
[20:48:01] SUCCESS: New WebSocket connection from "127.0.0.1:52822".
[20:48:01] API Version Check // ERROR: 127.0.0.1:52822 has newer "2.10" API Version.
[20:48:01] ["OUTDATED_VERSION"] -> 127.0.0.1:52822
[20:48:01] CLOSING: 127.0.0.1:52822.
[20:48:01] TIMED OUT: 127.0.0.1:52822.
[20:48:01] CLOSING: 127.0.0.1:52822.
[20:48:17] SYSTEM: Initializing server...
[20:48:17] SYSTEM: Refreshing JSON...
[20:48:17] SYSTEM: Loading JSON...
[20:48:17] SYSTEM: Server Data: {'modules': [{'siriusbyt': ['extended_chat_effects', 'infinite_chat_effects']}], 'plugins': [{'siriusbyt': ['themehooker']}, {'eastarctica': []}, {'tharki-god': []}], 'themes': [], 'users': ['siriusbyt', 'eastarctica', 'tharki-god']}
[20:48:17] SYSTEM: Module Data: [{'siriusbyt': ['extended_chat_effects', 'infinite_chat_effects']}]
[20:48:17] SYSTEM: Plugin Data: [{'siriusbyt': ['themehooker']}, {'eastarctica': []}, {'tharki-god': []}]
[20:48:17] SYSTEM: Theme Data: []
[20:48:17] SYSTEM: User Data: ['siriusbyt', 'eastarctica', 'tharki-god']
[20:48:17] SYSTEM: Server initialized.
[20:48:17] INFO: Initiated WebSocket Translation Layer.
[20:48:17] SYSTEM: Initiated Socket Server.
[20:48:20] SUCCESS: New WebSocket connection from "127.0.0.1:52826".
[20:48:20] API Version Check // ERROR: 127.0.0.1:52826 has newer "2.10" API Version.
[20:48:20] ["OUTDATED_VERSION"] -> 127.0.0.1:52826
[20:48:20] CLOSING: 127.0.0.1:52826.
[20:48:20] TIMED OUT: 127.0.0.1:52826.
[20:48:20] CLOSING: 127.0.0.1:52826.
[20:48:39] SYSTEM: Initializing server...
[20:48:39] SYSTEM: Refreshing JSON...
[20:48:39] SYSTEM: Loading JSON...
[20:48:39] SYSTEM: Server Data: {'modules': [{'siriusbyt': ['extended_chat_effects', 'infinite_chat_effects']}], 'plugins': [{'siriusbyt': ['themehooker']}, {'eastarctica': []}, {'tharki-god': []}], 'themes': [], 'users': ['siriusbyt', 'eastarctica', 'tharki-god']}
[20:48:39] SYSTEM: Module Data: [{'siriusbyt': ['extended_chat_effects', 'infinite_chat_effects']}]
[20:48:39] SYSTEM: Plugin Data: [{'siriusbyt': ['themehooker']}, {'eastarctica': []}, {'tharki-god': []}]
[20:48:39] SYSTEM: Theme Data: []
[20:48:39] SYSTEM: User Data: ['siriusbyt', 'eastarctica', 'tharki-god']
[20:48:39] SYSTEM: Server initialized.
[20:48:39] INFO: Initiated WebSocket Translation Layer.
[20:48:39] SYSTEM: Initiated Socket Server.
[20:48:42] SUCCESS: New WebSocket connection from "127.0.0.1:52830".
[20:48:42] API Version Check // ERROR: 127.0.0.1:52830 has newer "2.10" API Version.
[20:48:42] ["OUTDATED_VERSION"] -> 127.0.0.1:52830
[20:48:42] CLOSING: 127.0.0.1:52830.
[20:48:42] TIMED OUT: 127.0.0.1:52830.
[20:48:42] CLOSING: 127.0.0.1:52830.
[20:49:32] SYSTEM: Initializing server...
[20:49:32] SYSTEM: Refreshing JSON...
[20:49:32] SYSTEM: Loading JSON...
[20:49:32] SYSTEM: Server Data: {'modules': [{'siriusbyt': ['extended_chat_effects', 'infinite_chat_effects']}], 'plugins': [{'siriusbyt': ['themehooker']}, {'eastarctica': []}, {'tharki-god': []}], 'themes': [], 'users': ['siriusbyt', 'eastarctica', 'tharki-god']}
[20:49:32] SYSTEM: Module Data: [{'siriusbyt': ['extended_chat_effects', 'infinite_chat_effects']}]
[20:49:32] SYSTEM: Plugin Data: [{'siriusbyt': ['themehooker']}, {'eastarctica': []}, {'tharki-god': []}]
[20:49:32] SYSTEM: Theme Data: []
[20:49:32] SYSTEM: User Data: ['siriusbyt', 'eastarctica', 'tharki-god']
[20:49:32] SYSTEM: Server initialized.
[20:49:32] INFO: Initiated WebSocket Translation Layer.
[20:49:32] SYSTEM: Initiated Socket Server.
[20:49:33] SUCCESS: New WebSocket connection from "127.0.0.1:52836".
[20:49:33] API Version Check // ERROR: 127.0.0.1:52836@API_"2.10" is outdated!
[20:49:33] ["OUTDATED_VERSION"] -> 127.0.0.1:52836
[20:49:33] CLOSING: 127.0.0.1:52836.
[20:49:33] TIMED OUT: 127.0.0.1:52836.
[20:49:33] CLOSING: 127.0.0.1:52836.
[20:49:53] SYSTEM: Initializing server...
[20:49:53] SYSTEM: Refreshing JSON...
[20:49:53] SYSTEM: Loading JSON...
[20:49:53] SYSTEM: Server Data: {'modules': [{'siriusbyt': ['extended_chat_effects', 'infinite_chat_effects']}], 'plugins': [{'siriusbyt': ['themehooker']}, {'eastarctica': []}, {'tharki-god': []}], 'themes': [], 'users': ['siriusbyt', 'eastarctica', 'tharki-god']}
[20:49:53] SYSTEM: Module Data: [{'siriusbyt': ['extended_chat_effects', 'infinite_chat_effects']}]
[20:49:53] SYSTEM: Plugin Data: [{'siriusbyt': ['themehooker']}, {'eastarctica': []}, {'tharki-god': []}]
[20:49:53] SYSTEM: Theme Data: []
[20:49:53] SYSTEM: User Data: ['siriusbyt', 'eastarctica', 'tharki-god']
[20:49:53] SYSTEM: Server initialized.
[20:49:53] INFO: Initiated WebSocket Translation Layer.
[20:49:53] SYSTEM: Initiated Socket Server.
[20:49:55] SUCCESS: New WebSocket connection from "127.0.0.1:52841".
[20:49:55] API Version Check // ERROR: 127.0.0.1:52841@API_"2.10" is outdated!
[20:49:55] ["OUTDATED_VERSION"] -> 127.0.0.1:52841
[20:49:55] CLOSING: 127.0.0.1:52841.
[20:49:55] TIMED OUT: 127.0.0.1:52841.
[20:49:55] CLOSING: 127.0.0.1:52841.
[20:50:16] SYSTEM: Initializing server...
[20:50:16] SYSTEM: Refreshing JSON...
[20:50:16] SYSTEM: Loading JSON...
[20:50:16] SYSTEM: Server Data: {'modules': [{'siriusbyt': ['extended_chat_effects', 'infinite_chat_effects']}], 'plugins': [{'siriusbyt': ['themehooker']}, {'eastarctica': []}, {'tharki-god': []}], 'themes': [], 'users': ['siriusbyt', 'eastarctica', 'tharki-god']}
[20:50:16] SYSTEM: Module Data: [{'siriusbyt': ['extended_chat_effects', 'infinite_chat_effects']}]
[20:50:16] SYSTEM: Plugin Data: [{'siriusbyt': ['themehooker']}, {'eastarctica': []}, {'tharki-god': []}]
[20:50:16] SYSTEM: Theme Data: []
[20:50:16] SYSTEM: User Data: ['siriusbyt', 'eastarctica', 'tharki-god']
[20:50:16] SYSTEM: Server initialized.
[20:50:16] INFO: Initiated WebSocket Translation Layer.
[20:50:16] SYSTEM: Initiated Socket Server.
[20:50:17] SUCCESS: New WebSocket connection from "127.0.0.1:52846".
[20:50:17] API Version Check // ERROR: 127.0.0.1:52846@API_"2.10" is outdated!
[20:50:17] ["OUTDATED_VERSION"] -> 127.0.0.1:52846
[20:50:17] CLOSING: 127.0.0.1:52846.
[20:50:17] TIMED OUT: 127.0.0.1:52846.
[20:50:17] CLOSING: 127.0.0.1:52846.
[20:50:31] SYSTEM: Initializing server...
[20:50:31] SYSTEM: Refreshing JSON...
[20:50:31] SYSTEM: Loading JSON...
[20:50:31] SYSTEM: Server Data: {'modules': [{'siriusbyt': ['extended_chat_effects', 'infinite_chat_effects']}], 'plugins': [{'siriusbyt': ['themehooker']}, {'eastarctica': []}, {'tharki-god': []}], 'themes': [], 'users': ['siriusbyt', 'eastarctica', 'tharki-god']}
[20:50:31] SYSTEM: Module Data: [{'siriusbyt': ['extended_chat_effects', 'infinite_chat_effects']}]
[20:50:31] SYSTEM: Plugin Data: [{'siriusbyt': ['themehooker']}, {'eastarctica': []}, {'tharki-god': []}]
[20:50:31] SYSTEM: Theme Data: []
[20:50:31] SYSTEM: User Data: ['siriusbyt', 'eastarctica', 'tharki-god']
[20:50:31] SYSTEM: Server initialized.
[20:50:31] INFO: Initiated WebSocket Translation Layer.
[20:50:31] SYSTEM: Initiated Socket Server.
[20:50:33] SUCCESS: New WebSocket connection from "127.0.0.1:52850".
[20:50:33] API Version Check // ERROR: 127.0.0.1:52850@API_"2.10" is outdated!
[20:50:33] ["OUTDATED_VERSION"] -> 127.0.0.1:52850
[20:50:33] CLOSING: 127.0.0.1:52850.
[20:50:33] TIMED OUT: 127.0.0.1:52850.
[20:50:33] CLOSING: 127.0.0.1:52850.
[20:59:37] SYSTEM: Initializing server...
[20:59:37] SYSTEM: Refreshing JSON...
[20:59:37] SYSTEM: Loading JSON...
[20:59:37] SYSTEM: Server Data: {'modules': [{'siriusbyt': ['extended_chat_effects', 'infinite_chat_effects']}], 'plugins': [{'siriusbyt': ['themehooker']}, {'eastarctica': []}, {'tharki-god': []}], 'themes': [], 'users': ['siriusbyt', 'eastarctica', 'tharki-god']}
[20:59:37] SYSTEM: Module Data: [{'siriusbyt': ['extended_chat_effects', 'infinite_chat_effects']}]
[20:59:37] SYSTEM: Plugin Data: [{'siriusbyt': ['themehooker']}, {'eastarctica': []}, {'tharki-god': []}]
[20:59:37] SYSTEM: Theme Data: []
[20:59:37] SYSTEM: User Data: ['siriusbyt', 'eastarctica', 'tharki-god']
[20:59:37] SYSTEM: Server initialized.
[20:59:37] INFO: Initiated WebSocket Translation Layer.
[20:59:37] SYSTEM: Initiated Socket Server.
[20:59:39] SUCCESS: New WebSocket connection from "127.0.0.1:52919".
[20:59:39] API Version Check // ERROR: 127.0.0.1:52919@API_"2.10" is outdated!
[20:59:39] ["OUTDATED_VERSION"] -> 127.0.0.1:52919
[20:59:39] CLOSING: 127.0.0.1:52919.
[20:59:47] SUCCESS: New WebSocket connection from "127.0.0.1:52921".
[20:59:47] API Version Check // ERROR: 127.0.0.1:52921@API_"2.10" is outdated!
[20:59:47] ["OUTDATED_VERSION"] -> 127.0.0.1:52921
[20:59:47] CLOSING: 127.0.0.1:52921.
[20:59:48] SUCCESS: New WebSocket connection from "127.0.0.1:52922".
[20:59:48] API Version Check // ERROR: 127.0.0.1:52922@API_"2.10" is outdated!
[20:59:48] ["OUTDATED_VERSION"] -> 127.0.0.1:52922
[20:59:48] CLOSING: 127.0.0.1:52922.
[20:59:48] SUCCESS: New WebSocket connection from "127.0.0.1:52923".
[20:59:48] API Version Check // ERROR: 127.0.0.1:52923@API_"2.10" is outdated!
[20:59:48] ["OUTDATED_VERSION"] -> 127.0.0.1:52923
[20:59:48] CLOSING: 127.0.0.1:52923.
[20:59:48] SUCCESS: New WebSocket connection from "127.0.0.1:52924".
[20:59:48] API Version Check // ERROR: 127.0.0.1:52924@API_"2.10" is outdated!
[20:59:48] ["OUTDATED_VERSION"] -> 127.0.0.1:52924
[20:59:48] CLOSING: 127.0.0.1:52924.
[20:59:48] SUCCESS: New WebSocket connection from "127.0.0.1:52925".
[20:59:48] API Version Check // ERROR: 127.0.0.1:52925@API_"2.10" is outdated!
[20:59:48] ["OUTDATED_VERSION"] -> 127.0.0.1:52925
[20:59:48] CLOSING: 127.0.0.1:52925.
[20:59:49] SUCCESS: New WebSocket connection from "127.0.0.1:52926".
[20:59:49] API Version Check // ERROR: 127.0.0.1:52926@API_"2.10" is outdated!
[20:59:49] ["OUTDATED_VERSION"] -> 127.0.0.1:52926
[20:59:49] CLOSING: 127.0.0.1:52926.
[20:59:49] SUCCESS: New WebSocket connection from "127.0.0.1:52927".
[20:59:49] API Version Check // ERROR: 127.0.0.1:52927@API_"2.10" is outdated!
[20:59:49] ["OUTDATED_VERSION"] -> 127.0.0.1:52927
[20:59:49] CLOSING: 127.0.0.1:52927.
[20:59:49] SUCCESS: New WebSocket connection from "127.0.0.1:52928".
[20:59:49] API Version Check // ERROR: 127.0.0.1:52928@API_"2.10" is outdated!
[20:59:49] ["OUTDATED_VERSION"] -> 127.0.0.1:52928
[20:59:49] CLOSING: 127.0.0.1:52928.
[20:59:49] SUCCESS: New WebSocket connection from "127.0.0.1:52929".
[20:59:49] API Version Check // ERROR: 127.0.0.1:52929@API_"2.10" is outdated!
[20:59:49] ["OUTDATED_VERSION"] -> 127.0.0.1:52929
[20:59:49] CLOSING: 127.0.0.1:52929.
[20:59:49] SUCCESS: New WebSocket connection from "127.0.0.1:52930".
[20:59:49] API Version Check // ERROR: 127.0.0.1:52930@API_"2.10" is outdated!
[20:59:49] ["OUTDATED_VERSION"] -> 127.0.0.1:52930
[20:59:49] CLOSING: 127.0.0.1:52930.
[20:59:49] SUCCESS: New WebSocket connection from "127.0.0.1:52931".
[20:59:49] API Version Check // ERROR: 127.0.0.1:52931@API_"2.10" is outdated!
[20:59:49] ["OUTDATED_VERSION"] -> 127.0.0.1:52931
[20:59:49] CLOSING: 127.0.0.1:52931.
[20:59:50] SUCCESS: New WebSocket connection from "127.0.0.1:52933".
[20:59:50] API Version Check // ERROR: 127.0.0.1:52933@API_"2.10" is outdated!
[20:59:50] ["OUTDATED_VERSION"] -> 127.0.0.1:52933
[20:59:50] CLOSING: 127.0.0.1:52933.
[20:59:50] SUCCESS: New WebSocket connection from "127.0.0.1:52934".
[20:59:50] API Version Check // ERROR: 127.0.0.1:52934@API_"2.10" is outdated!
[20:59:50] ["OUTDATED_VERSION"] -> 127.0.0.1:52934
[20:59:50] CLOSING: 127.0.0.1:52934.
[20:59:50] SUCCESS: New WebSocket connection from "127.0.0.1:52935".
[20:59:50] API Version Check // ERROR: 127.0.0.1:52935@API_"2.10" is outdated!
[20:59:50] ["OUTDATED_VERSION"] -> 127.0.0.1:52935
[20:59:50] CLOSING: 127.0.0.1:52935.
[20:59:50] SUCCESS: New WebSocket connection from "127.0.0.1:52936".
[20:59:50] API Version Check // ERROR: 127.0.0.1:52936@API_"2.10" is outdated!
[20:59:50] ["OUTDATED_VERSION"] -> 127.0.0.1:52936
[20:59:50] CLOSING: 127.0.0.1:52936.
[20:59:50] SUCCESS: New WebSocket connection from "127.0.0.1:52937".
[20:59:50] API Version Check // ERROR: 127.0.0.1:52937@API_"2.10" is outdated!
[20:59:50] ["OUTDATED_VERSION"] -> 127.0.0.1:52937
[20:59:50] CLOSING: 127.0.0.1:52937.
[20:59:50] SUCCESS: New WebSocket connection from "127.0.0.1:52938".
[20:59:50] API Version Check // ERROR: 127.0.0.1:52938@API_"2.10" is outdated!
[20:59:50] ["OUTDATED_VERSION"] -> 127.0.0.1:52938
[20:59:50] CLOSING: 127.0.0.1:52938.
[20:59:50] SUCCESS: New WebSocket connection from "127.0.0.1:52939".
[20:59:50] API Version Check // ERROR: 127.0.0.1:52939@API_"2.10" is outdated!
[20:59:50] ["OUTDATED_VERSION"] -> 127.0.0.1:52939
[20:59:50] CLOSING: 127.0.0.1:52939.
[20:59:50] SUCCESS: New WebSocket connection from "127.0.0.1:52940".
[20:59:50] API Version Check // ERROR: 127.0.0.1:52940@API_"2.10" is outdated!
[20:59:50] ["OUTDATED_VERSION"] -> 127.0.0.1:52940
[20:59:50] CLOSING: 127.0.0.1:52940.
[20:59:50] SUCCESS: New WebSocket connection from "127.0.0.1:52941".
[20:59:50] API Version Check // ERROR: 127.0.0.1:52941@API_"2.10" is outdated!
[20:59:50] ["OUTDATED_VERSION"] -> 127.0.0.1:52941
[20:59:50] CLOSING: 127.0.0.1:52941.
[20:59:50] SUCCESS: New WebSocket connection from "127.0.0.1:52942".
[20:59:50] API Version Check // ERROR: 127.0.0.1:52942@API_"2.10" is outdated!
[20:59:50] ["OUTDATED_VERSION"] -> 127.0.0.1:52942
[20:59:50] CLOSING: 127.0.0.1:52942.
[20:59:50] SUCCESS: New WebSocket connection from "127.0.0.1:52943".
[20:59:50] API Version Check // ERROR: 127.0.0.1:52943@API_"2.10" is outdated!
[20:59:50] ["OUTDATED_VERSION"] -> 127.0.0.1:52943
[20:59:50] CLOSING: 127.0.0.1:52943.
[20:59:50] SUCCESS: New WebSocket connection from "127.0.0.1:52944".
[20:59:50] API Version Check // ERROR: 127.0.0.1:52944@API_"2.10" is outdated!
[20:59:50] ["OUTDATED_VERSION"] -> 127.0.0.1:52944
[20:59:50] CLOSING: 127.0.0.1:52944.
[20:59:50] SUCCESS: New WebSocket connection from "127.0.0.1:52945".
[20:59:50] API Version Check // ERROR: 127.0.0.1:52945@API_"2.10" is outdated!
[20:59:50] ["OUTDATED_VERSION"] -> 127.0.0.1:52945
[20:59:50] CLOSING: 127.0.0.1:52945.
[20:59:50] SUCCESS: New WebSocket connection from "127.0.0.1:52946".
[20:59:50] API Version Check // ERROR: 127.0.0.1:52946@API_"2.10" is outdated!
[20:59:50] ["OUTDATED_VERSION"] -> 127.0.0.1:52946
[20:59:50] CLOSING: 127.0.0.1:52946.
[20:59:50] SUCCESS: New WebSocket connection from "127.0.0.1:52947".
[20:59:50] API Version Check // ERROR: 127.0.0.1:52947@API_"2.10" is outdated!
[20:59:50] ["OUTDATED_VERSION"] -> 127.0.0.1:52947
[20:59:50] CLOSING: 127.0.0.1:52947.
[20:59:50] SUCCESS: New WebSocket connection from "127.0.0.1:52948".
[20:59:50] API Version Check // ERROR: 127.0.0.1:52948@API_"2.10" is outdated!
[20:59:50] ["OUTDATED_VERSION"] -> 127.0.0.1:52948
[20:59:50] CLOSING: 127.0.0.1:52948.
[20:59:50] SUCCESS: New WebSocket connection from "127.0.0.1:52949".
[20:59:50] API Version Check // ERROR: 127.0.0.1:52949@API_"2.10" is outdated!
[20:59:50] ["OUTDATED_VERSION"] -> 127.0.0.1:52949
[20:59:50] CLOSING: 127.0.0.1:52949.
[20:59:50] SUCCESS: New WebSocket connection from "127.0.0.1:52950".
[20:59:50] API Version Check // ERROR: 127.0.0.1:52950@API_"2.10" is outdated!
[20:59:50] ["OUTDATED_VERSION"] -> 127.0.0.1:52950
[20:59:50] CLOSING: 127.0.0.1:52950.
[20:59:50] SUCCESS: New WebSocket connection from "127.0.0.1:52951".
[20:59:50] API Version Check // ERROR: 127.0.0.1:52951@API_"2.10" is outdated!
[20:59:50] ["OUTDATED_VERSION"] -> 127.0.0.1:52951
[20:59:50] CLOSING: 127.0.0.1:52951.
[20:59:50] SUCCESS: New WebSocket connection from "127.0.0.1:52952".
[20:59:51] API Version Check // ERROR: 127.0.0.1:52952@API_"2.10" is outdated!
[20:59:51] ["OUTDATED_VERSION"] -> 127.0.0.1:52952
[20:59:51] CLOSING: 127.0.0.1:52952.
[20:59:51] SUCCESS: New WebSocket connection from "127.0.0.1:52953".
[20:59:51] API Version Check // ERROR: 127.0.0.1:52953@API_"2.10" is outdated!
[20:59:51] ["OUTDATED_VERSION"] -> 127.0.0.1:52953
[20:59:51] CLOSING: 127.0.0.1:52953.
[20:59:51] SUCCESS: New WebSocket connection from "127.0.0.1:52954".
[20:59:51] API Version Check // ERROR: 127.0.0.1:52954@API_"2.10" is outdated!
[20:59:51] ["OUTDATED_VERSION"] -> 127.0.0.1:52954
[20:59:51] CLOSING: 127.0.0.1:52954.
[20:59:51] SUCCESS: New WebSocket connection from "127.0.0.1:52955".
[20:59:51] API Version Check // ERROR: 127.0.0.1:52955@API_"2.10" is outdated!
[20:59:51] ["OUTDATED_VERSION"] -> 127.0.0.1:52955
[20:59:51] CLOSING: 127.0.0.1:52955.
[20:59:51] SUCCESS: New WebSocket connection from "127.0.0.1:52956".
[20:59:51] API Version Check // ERROR: 127.0.0.1:52956@API_"2.10" is outdated!
[20:59:51] ["OUTDATED_VERSION"] -> 127.0.0.1:52956
[20:59:51] CLOSING: 127.0.0.1:52956.
[20:59:51] SUCCESS: New WebSocket connection from "127.0.0.1:52957".
[20:59:51] API Version Check // ERROR: 127.0.0.1:52957@API_"2.10" is outdated!
[20:59:51] ["OUTDATED_VERSION"] -> 127.0.0.1:52957
[20:59:51] CLOSING: 127.0.0.1:52957.
[20:59:51] SUCCESS: New WebSocket connection from "127.0.0.1:52958".
[20:59:51] API Version Check // ERROR: 127.0.0.1:52958@API_"2.10" is outdated!
[20:59:51] ["OUTDATED_VERSION"] -> 127.0.0.1:52958
[20:59:51] CLOSING: 127.0.0.1:52958.
[20:59:51] SUCCESS: New WebSocket connection from "127.0.0.1:52959".
[20:59:51] API Version Check // ERROR: 127.0.0.1:52959@API_"2.10" is outdated!
[20:59:51] ["OUTDATED_VERSION"] -> 127.0.0.1:52959
[20:59:51] CLOSING: 127.0.0.1:52959.
[20:59:51] SUCCESS: New WebSocket connection from "127.0.0.1:52960".
[20:59:51] API Version Check // ERROR: 127.0.0.1:52960@API_"2.10" is outdated!
[20:59:51] ["OUTDATED_VERSION"] -> 127.0.0.1:52960
[20:59:51] CLOSING: 127.0.0.1:52960.
[20:59:51] SUCCESS: New WebSocket connection from "127.0.0.1:52961".
[20:59:51] API Version Check // ERROR: 127.0.0.1:52961@API_"2.10" is outdated!
[20:59:51] ["OUTDATED_VERSION"] -> 127.0.0.1:52961
[20:59:51] CLOSING: 127.0.0.1:52961.
[20:59:51] SUCCESS: New WebSocket connection from "127.0.0.1:52962".
[20:59:51] API Version Check // ERROR: 127.0.0.1:52962@API_"2.10" is outdated!
[20:59:51] ["OUTDATED_VERSION"] -> 127.0.0.1:52962
[20:59:51] CLOSING: 127.0.0.1:52962.
[20:59:51] SUCCESS: New WebSocket connection from "127.0.0.1:52963".
[20:59:51] API Version Check // ERROR: 127.0.0.1:52963@API_"2.10" is outdated!
[20:59:51] ["OUTDATED_VERSION"] -> 127.0.0.1:52963
[20:59:51] CLOSING: 127.0.0.1:52963.
[20:59:51] SUCCESS: New WebSocket connection from "127.0.0.1:52964".
[20:59:51] API Version Check // ERROR: 127.0.0.1:52964@API_"2.10" is outdated!
[20:59:51] ["OUTDATED_VERSION"] -> 127.0.0.1:52964
[20:59:51] CLOSING: 127.0.0.1:52964.
[20:59:51] SUCCESS: New WebSocket connection from "127.0.0.1:52965".
[20:59:51] API Version Check // ERROR: 127.0.0.1:52965@API_"2.10" is outdated!
[20:59:51] ["OUTDATED_VERSION"] -> 127.0.0.1:52965
[20:59:51] CLOSING: 127.0.0.1:52965.
[20:59:51] SUCCESS: New WebSocket connection from "127.0.0.1:52966".
[20:59:51] API Version Check // ERROR: 127.0.0.1:52966@API_"2.10" is outdated!
[20:59:51] ["OUTDATED_VERSION"] -> 127.0.0.1:52966
[20:59:51] CLOSING: 127.0.0.1:52966.
[20:59:51] SUCCESS: New WebSocket connection from "127.0.0.1:52967".
[20:59:51] API Version Check // ERROR: 127.0.0.1:52967@API_"2.10" is outdated!
[20:59:51] ["OUTDATED_VERSION"] -> 127.0.0.1:52967
[20:59:51] CLOSING: 127.0.0.1:52967.
[20:59:51] SUCCESS: New WebSocket connection from "127.0.0.1:52968".
[20:59:51] API Version Check // ERROR: 127.0.0.1:52968@API_"2.10" is outdated!
[20:59:51] ["OUTDATED_VERSION"] -> 127.0.0.1:52968
[20:59:51] CLOSING: 127.0.0.1:52968.
[20:59:51] SUCCESS: New WebSocket connection from "127.0.0.1:52969".
[20:59:51] API Version Check // ERROR: 127.0.0.1:52969@API_"2.10" is outdated!
[20:59:51] ["OUTDATED_VERSION"] -> 127.0.0.1:52969
[20:59:51] CLOSING: 127.0.0.1:52969.
[21:00:05] SUCCESS: New WebSocket connection from "127.0.0.1:52970".
[21:00:05] (API Version Check) ERROR: 127.0.0.1:52970 Invalid "2.Z10" API Version!
[21:01:11] SYSTEM: Initializing server...
[21:01:11] SYSTEM: Refreshing JSON...
[21:01:11] SYSTEM: Loading JSON...
[21:01:11] SYSTEM: Server Data: {'modules': [{'siriusbyt': ['extended_chat_effects', 'infinite_chat_effects']}], 'plugins': [{'siriusbyt': ['themehooker']}, {'eastarctica': []}, {'tharki-god': []}], 'themes': [], 'users': ['siriusbyt', 'eastarctica', 'tharki-god']}
[21:01:11] SYSTEM: Module Data: [{'siriusbyt': ['extended_chat_effects', 'infinite_chat_effects']}]
[21:01:11] SYSTEM: Plugin Data: [{'siriusbyt': ['themehooker']}, {'eastarctica': []}, {'tharki-god': []}]
[21:01:11] SYSTEM: Theme Data: []
[21:01:11] SYSTEM: User Data: ['siriusbyt', 'eastarctica', 'tharki-god']
[21:01:11] SYSTEM: Server initialized.
[21:01:11] INFO: Initiated WebSocket Translation Layer.
[21:01:11] SYSTEM: Initiated Socket Server.
[21:01:15] SUCCESS: New WebSocket connection from "127.0.0.1:52975".
[21:01:15] API Version Check // ERROR: 127.0.0.1:52975 Invalid "2.Z10" API Version!
[21:01:15] ["INVALID_VERSION"] -> 127.0.0.1:52975
[21:01:15] CLOSING: 127.0.0.1:52975.
[21:01:25] SUCCESS: New WebSocket connection from "127.0.0.1:52978".
[21:01:25] API Version Check // WARNING: 127.0.0.1:52978@API_"4.0" is newer.
[21:01:25] ["OUTDATED_SERVER"] -> 127.0.0.1:52978
[21:01:25] TIMED OUT: 127.0.0.1:52978.
[21:01:25] CLOSING: 127.0.0.1:52978.
[21:01:25] ERROR: 127.0.0.1:52978 didn't send new data.
[21:01:25] CLOSING: 127.0.0.1:52978.
[21:01:44] SUCCESS: New WebSocket connection from "127.0.0.1:52980".
[21:01:44] API Version Check // OK: 127.0.0.1:52980@API_"3.0"
[21:01:44] [OK] -> 127.0.0.1:52980
[21:03:12] SYSTEM: Initializing server...
[21:03:12] SYSTEM: Refreshing JSON...
[21:03:12] SYSTEM: Loading JSON...
[21:03:12] SYSTEM: Server Data: {'modules': [{'siriusbyt': ['extended_chat_effects', 'infinite_chat_effects']}], 'plugins': [{'siriusbyt': ['themehooker']}, {'eastarctica': []}, {'tharki-god': []}], 'themes': [], 'users': ['siriusbyt', 'eastarctica', 'tharki-god']}
[21:03:12] SYSTEM: Module Data: [{'siriusbyt': ['extended_chat_effects', 'infinite_chat_effects']}]
[21:03:12] SYSTEM: Plugin Data: [{'siriusbyt': ['themehooker']}, {'eastarctica': []}, {'tharki-god': []}]
[21:03:12] SYSTEM: Theme Data: []
[21:03:12] SYSTEM: User Data: ['siriusbyt', 'eastarctica', 'tharki-god']
[21:03:12] SYSTEM: Server initialized.
[21:03:12] INFO: Initiated WebSocket Translation Layer.
[21:03:12] SYSTEM: Initiated Socket Server.
[21:03:14] SUCCESS: New WebSocket connection from "127.0.0.1:53045".
[21:03:14] API Version Check // OK: 127.0.0.1:53045@API_"3.0"
[21:03:14] [OK] -> 127.0.0.1:53045
[21:03:18] SUCCESS: New WebSocket connection from "127.0.0.1:53046".
[21:03:18] API Version Check // WARNING: 127.0.0.1:53046@API_"4.0" is newer.
[21:03:18] ["OUTDATED_SERVER"] -> 127.0.0.1:53046
[21:03:18] TIMED OUT: 127.0.0.1:53046.
[21:03:18] CLOSING: 127.0.0.1:53046.
[21:03:18] ERROR: 127.0.0.1:53046 didn't send new data.
[21:03:18] CLOSING: 127.0.0.1:53046.
[21:04:27] SUCCESS: New WebSocket connection from "127.0.0.1:53067".
[21:04:27] API Version Check // WARNING: 127.0.0.1:53067@API_"4.0" is newer.
[21:04:27] ["OUTDATED_SERVER"] -> 127.0.0.1:53067
[23:08:51] SYSTEM: Initializing server...
[23:08:51] SYSTEM: Refreshing JSON...
[23:08:51] SYSTEM: Loading JSON...
[23:08:51] SYSTEM: Server Data: {'modules': [], 'plugins': [], 'themes': [], 'users': ['n', 'o', 'e']}
[23:08:51] SYSTEM: Module Data: []
[23:08:51] SYSTEM: Plugin Data: []
[23:08:51] SYSTEM: Theme Data: []
[23:08:51] SYSTEM: User Data: ['n', 'o', 'e']
[23:08:51] SYSTEM: Server initialized.
[23:08:51] INFO: Initiated WebSocket Translation Layer.
[23:08:51] SYSTEM: Initiated Socket Server.
